<?xml version="1.0" encoding="UTF-8"?>
<!-- Generated by org.testng.reporters.JUnitReportReporter -->
<testsuite hostname="DESKTOP-4MOFQND" failures="0" tests="5" name="com.videoslots.tasks.ChatTaskOneTest" time="0.015" errors="0" timestamp="2023-09-04T08:42:10 EEST" skipped="0">
  <testcase classname="com.videoslots.tasks.ChatTaskOneTest" name="test3TaskOne" time="0.001"/>
  <system-out/>
  <testcase classname="com.videoslots.tasks.ChatTaskOneTest" name="test2TaskOne" time="0.001"/>
  <system-out/>
  <testcase classname="com.videoslots.tasks.ChatTaskOneTest" name="test1TaskOne" time="0.009"/>
  <system-out/>
  <testcase classname="com.videoslots.tasks.ChatTaskOneTest" name="test4TaskOne" time="0.001"/>
  <system-out/>
  <testcase classname="com.videoslots.tasks.ChatTaskOneTest" name="test5TaskOne" time="0.003"/>
  <system-out/>
</testsuite> <!-- com.videoslots.tasks.ChatTaskOneTest -->
