<?xml version="1.0" encoding="UTF-8"?>
<!-- Generated by org.testng.reporters.JUnitReportReporter -->
<testsuite hostname="DESKTOP-4MOFQND" failures="0" tests="5" name="com.videoslots.tasks.PalindromeTest" time="0.012" errors="0" timestamp="2023-09-04T08:49:47 EEST" skipped="0">
  <testcase classname="com.videoslots.tasks.PalindromeTest" name="Test4Palindrome" time="0.001"/>
  <system-out/>
  <testcase classname="com.videoslots.tasks.PalindromeTest" name="Test1Palindrome" time="0.008"/>
  <system-out/>
  <testcase classname="com.videoslots.tasks.PalindromeTest" name="Test2Palindrome" time="0.001"/>
  <system-out/>
  <testcase classname="com.videoslots.tasks.PalindromeTest" name="Test3Palindrome" time="0.001"/>
  <system-out/>
  <testcase classname="com.videoslots.tasks.PalindromeTest" name="Test5Palindrome" time="0.001"/>
  <system-out/>
</testsuite> <!-- com.videoslots.tasks.PalindromeTest -->
